<?xml version="1.0" encoding="UTF-8"?>
<!-- Generated by org.testng.reporters.JUnitXMLReporter -->
<testsuite hostname="DESKTOP-CGQIUI2" ignored="0" name="Test" tests="8" failures="3" timestamp="2023-01-13T12:05:38 IST" time="374.848" errors="0">
  <testcase name="TestClass4" time="46.567" classname="org.testing.TestScripts.Test8"/>
  <testcase name="TestClass4" time="53.134" classname="org.testing.TestScripts.Test7"/>
  <testcase name="TestClass6" time="26.337" classname="org.testing.TestScripts.Test6">
    <failure type="org.openqa.selenium.ElementClickInterceptedException" message="element click intercepted: Element &amp;lt;yt-formatted-string id=&amp;quot;video-title&amp;quot; class=&amp;quot;style-scope ytd-rich-grid-media&amp;quot; aria-label=&amp;quot;... by Sony SAB 9 years ago 18 minutes 7,571,209 views&amp;quot;&amp;gt;Taarak Mehta Ka Ooltah Chashmah - Episode 310&amp;lt;/yt-formatted-string&amp;gt; is not clickable at point (244, 322). Other element would receive the click: &amp;lt;div id=&amp;quot;contentContainer&amp;quot; class=&amp;quot;style-scope tp-yt-app-drawer&amp;quot; position=&amp;quot;left&amp;quot; style=&amp;quot;transition-duration: 200ms;&amp;quot; swipe-open=&amp;quot;&amp;quot; opened=&amp;quot;&amp;quot;&amp;gt;...&amp;lt;/div&amp;gt;
  (Session info: chrome=108.0.5359.125)
Build info: version: &amp;apos;4.7.2&amp;apos;, revision: &amp;apos;4d4020c3b7&amp;apos;
System info: os.name: &amp;apos;Windows 10&amp;apos;, os.arch: &amp;apos;amd64&amp;apos;, os.version: &amp;apos;10.0&amp;apos;, java.version: &amp;apos;1.8.0_171&amp;apos;
Driver info: org.openqa.selenium.chrome.ChromeDriver
Command: [2f21382b2ce0f77f132170aa2f06729a, clickElement {id=28feda11-3dc0-44ae-a5f4-df43c4779419}]
Capabilities {acceptInsecureCerts: false, browserName: chrome, browserVersion: 108.0.5359.125, chrome: {chromedriverVersion: 108.0.5359.71 (1e0e3868ee06..., userDataDir: C:\Users\SAHILS~1\AppData\L...}, goog:chromeOptions: {debuggerAddress: localhost:52403}, networkConnectionEnabled: false, pageLoadStrategy: normal, platformName: WINDOWS, proxy: Proxy(), se:cdp: ws://localhost:52403/devtoo..., se:cdpVersion: 108.0.5359.125, setWindowRect: true, strictFileInteractability: false, timeouts: {implicit: 0, pageLoad: 300000, script: 30000}, unhandledPromptBehavior: dismiss and notify, webauthn:extension:credBlob: true, webauthn:extension:largeBlob: true, webauthn:virtualAuthenticators: true}
Element: [[ChromeDriver: chrome on WINDOWS (2f21382b2ce0f77f132170aa2f06729a)] -&amp;gt; id: video-title]
Session ID: 2f21382b2ce0f77f132170aa2f06729a">
      <![CDATA[org.openqa.selenium.ElementClickInterceptedException: element click intercepted: Element <yt-formatted-string id="video-title" class="style-scope ytd-rich-grid-media" aria-label="... by Sony SAB 9 years ago 18 minutes 7,571,209 views">Taarak Mehta Ka Ooltah Chashmah - Episode 310</yt-formatted-string> is not clickable at point (244, 322). Other element would receive the click: <div id="contentContainer" class="style-scope tp-yt-app-drawer" position="left" style="transition-duration: 200ms;" swipe-open="" opened="">...</div>
  (Session info: chrome=108.0.5359.125)
Build info: version: '4.7.2', revision: '4d4020c3b7'
System info: os.name: 'Windows 10', os.arch: 'amd64', os.version: '10.0', java.version: '1.8.0_171'
Driver info: org.openqa.selenium.chrome.ChromeDriver
Command: [2f21382b2ce0f77f132170aa2f06729a, clickElement {id=28feda11-3dc0-44ae-a5f4-df43c4779419}]
Capabilities {acceptInsecureCerts: false, browserName: chrome, browserVersion: 108.0.5359.125, chrome: {chromedriverVersion: 108.0.5359.71 (1e0e3868ee06..., userDataDir: C:\Users\SAHILS~1\AppData\L...}, goog:chromeOptions: {debuggerAddress: localhost:52403}, networkConnectionEnabled: false, pageLoadStrategy: normal, platformName: WINDOWS, proxy: Proxy(), se:cdp: ws://localhost:52403/devtoo..., se:cdpVersion: 108.0.5359.125, setWindowRect: true, strictFileInteractability: false, timeouts: {implicit: 0, pageLoad: 300000, script: 30000}, unhandledPromptBehavior: dismiss and notify, webauthn:extension:credBlob: true, webauthn:extension:largeBlob: true, webauthn:virtualAuthenticators: true}
Element: [[ChromeDriver: chrome on WINDOWS (2f21382b2ce0f77f132170aa2f06729a)] -> id: video-title]
Session ID: 2f21382b2ce0f77f132170aa2f06729a
at org.openqa.selenium.remote.codec.w3c.W3CHttpResponseCodec.createException(W3CHttpResponseCodec.java:200)
at org.openqa.selenium.remote.codec.w3c.W3CHttpResponseCodec.decode(W3CHttpResponseCodec.java:133)
at org.openqa.selenium.remote.codec.w3c.W3CHttpResponseCodec.decode(W3CHttpResponseCodec.java:53)
at org.openqa.selenium.remote.HttpCommandExecutor.execute(HttpCommandExecutor.java:184)
at org.openqa.selenium.remote.service.DriverCommandExecutor.invokeExecute(DriverCommandExecutor.java:167)
at org.openqa.selenium.remote.service.DriverCommandExecutor.execute(DriverCommandExecutor.java:142)
at org.openqa.selenium.remote.RemoteWebDriver.execute(RemoteWebDriver.java:535)
at org.openqa.selenium.remote.RemoteWebElement.execute(RemoteWebElement.java:257)
at org.openqa.selenium.remote.RemoteWebElement.click(RemoteWebElement.java:78)
at org.testing.TestScripts.Test6.TestClass6(Test6.java:39)
at java.util.ArrayList.forEach(Unknown Source)
... Removed 31 stack frames]]>
    </failure>
  </testcase> <!-- TestClass6 -->
  <testcase name="TestClass5" time="27.243" classname="org.testing.TestScripts.Test5">
    <failure type="org.openqa.selenium.ElementClickInterceptedException" message="element click intercepted: Element &amp;lt;yt-formatted-string id=&amp;quot;video-title&amp;quot; class=&amp;quot;style-scope ytd-rich-grid-media&amp;quot; aria-label=&amp;quot;... by Sony SAB 9 years ago 20 minutes 23,898,094 views&amp;quot;&amp;gt;Taarak Mehta Ka Ooltah Chashmah - Episode 361&amp;lt;/yt-formatted-string&amp;gt; is not clickable at point (244, 322). Other element would receive the click: &amp;lt;div id=&amp;quot;contentContainer&amp;quot; class=&amp;quot;style-scope tp-yt-app-drawer&amp;quot; position=&amp;quot;left&amp;quot; style=&amp;quot;transition-duration: 200ms;&amp;quot; swipe-open=&amp;quot;&amp;quot; opened=&amp;quot;&amp;quot;&amp;gt;...&amp;lt;/div&amp;gt;
  (Session info: chrome=108.0.5359.125)
Build info: version: &amp;apos;4.7.2&amp;apos;, revision: &amp;apos;4d4020c3b7&amp;apos;
System info: os.name: &amp;apos;Windows 10&amp;apos;, os.arch: &amp;apos;amd64&amp;apos;, os.version: &amp;apos;10.0&amp;apos;, java.version: &amp;apos;1.8.0_171&amp;apos;
Driver info: org.openqa.selenium.chrome.ChromeDriver
Command: [a73fc7dd005f7f42ca168db91dfd4477, clickElement {id=4de03d82-30d5-4a5a-b08b-53d320160a0a}]
Capabilities {acceptInsecureCerts: false, browserName: chrome, browserVersion: 108.0.5359.125, chrome: {chromedriverVersion: 108.0.5359.71 (1e0e3868ee06..., userDataDir: C:\Users\SAHILS~1\AppData\L...}, goog:chromeOptions: {debuggerAddress: localhost:52465}, networkConnectionEnabled: false, pageLoadStrategy: normal, platformName: WINDOWS, proxy: Proxy(), se:cdp: ws://localhost:52465/devtoo..., se:cdpVersion: 108.0.5359.125, setWindowRect: true, strictFileInteractability: false, timeouts: {implicit: 0, pageLoad: 300000, script: 30000}, unhandledPromptBehavior: dismiss and notify, webauthn:extension:credBlob: true, webauthn:extension:largeBlob: true, webauthn:virtualAuthenticators: true}
Element: [[ChromeDriver: chrome on WINDOWS (a73fc7dd005f7f42ca168db91dfd4477)] -&amp;gt; id: video-title]
Session ID: a73fc7dd005f7f42ca168db91dfd4477">
      <![CDATA[org.openqa.selenium.ElementClickInterceptedException: element click intercepted: Element <yt-formatted-string id="video-title" class="style-scope ytd-rich-grid-media" aria-label="... by Sony SAB 9 years ago 20 minutes 23,898,094 views">Taarak Mehta Ka Ooltah Chashmah - Episode 361</yt-formatted-string> is not clickable at point (244, 322). Other element would receive the click: <div id="contentContainer" class="style-scope tp-yt-app-drawer" position="left" style="transition-duration: 200ms;" swipe-open="" opened="">...</div>
  (Session info: chrome=108.0.5359.125)
Build info: version: '4.7.2', revision: '4d4020c3b7'
System info: os.name: 'Windows 10', os.arch: 'amd64', os.version: '10.0', java.version: '1.8.0_171'
Driver info: org.openqa.selenium.chrome.ChromeDriver
Command: [a73fc7dd005f7f42ca168db91dfd4477, clickElement {id=4de03d82-30d5-4a5a-b08b-53d320160a0a}]
Capabilities {acceptInsecureCerts: false, browserName: chrome, browserVersion: 108.0.5359.125, chrome: {chromedriverVersion: 108.0.5359.71 (1e0e3868ee06..., userDataDir: C:\Users\SAHILS~1\AppData\L...}, goog:chromeOptions: {debuggerAddress: localhost:52465}, networkConnectionEnabled: false, pageLoadStrategy: normal, platformName: WINDOWS, proxy: Proxy(), se:cdp: ws://localhost:52465/devtoo..., se:cdpVersion: 108.0.5359.125, setWindowRect: true, strictFileInteractability: false, timeouts: {implicit: 0, pageLoad: 300000, script: 30000}, unhandledPromptBehavior: dismiss and notify, webauthn:extension:credBlob: true, webauthn:extension:largeBlob: true, webauthn:virtualAuthenticators: true}
Element: [[ChromeDriver: chrome on WINDOWS (a73fc7dd005f7f42ca168db91dfd4477)] -> id: video-title]
Session ID: a73fc7dd005f7f42ca168db91dfd4477
at org.openqa.selenium.remote.codec.w3c.W3CHttpResponseCodec.createException(W3CHttpResponseCodec.java:200)
at org.openqa.selenium.remote.codec.w3c.W3CHttpResponseCodec.decode(W3CHttpResponseCodec.java:133)
at org.openqa.selenium.remote.codec.w3c.W3CHttpResponseCodec.decode(W3CHttpResponseCodec.java:53)
at org.openqa.selenium.remote.HttpCommandExecutor.execute(HttpCommandExecutor.java:184)
at org.openqa.selenium.remote.service.DriverCommandExecutor.invokeExecute(DriverCommandExecutor.java:167)
at org.openqa.selenium.remote.service.DriverCommandExecutor.execute(DriverCommandExecutor.java:142)
at org.openqa.selenium.remote.RemoteWebDriver.execute(RemoteWebDriver.java:535)
at org.openqa.selenium.remote.RemoteWebElement.execute(RemoteWebElement.java:257)
at org.openqa.selenium.remote.RemoteWebElement.click(RemoteWebElement.java:78)
at org.testing.TestScripts.Test5.TestClass5(Test5.java:39)
at java.util.ArrayList.forEach(Unknown Source)
... Removed 31 stack frames]]>
    </failure>
  </testcase> <!-- TestClass5 -->
  <testcase name="TestClass4" time="27.225" classname="org.testing.TestScripts.Test4">
    <failure type="org.openqa.selenium.ElementClickInterceptedException" message="element click intercepted: Element &amp;lt;yt-formatted-string id=&amp;quot;video-title&amp;quot; class=&amp;quot;style-scope ytd-rich-grid-media&amp;quot; aria-label=&amp;quot;... by Sony SAB 2 years ago 21 minutes 6,071,694 views&amp;quot;&amp;gt;Taarak Mehta Ka Ooltah Chashmah   Episode 273   Full Episode&amp;lt;/yt-formatted-string&amp;gt; is not clickable at point (244, 322). Other element would receive the click: &amp;lt;div id=&amp;quot;contentContainer&amp;quot; class=&amp;quot;style-scope tp-yt-app-drawer&amp;quot; position=&amp;quot;left&amp;quot; style=&amp;quot;transition-duration: 200ms;&amp;quot; swipe-open=&amp;quot;&amp;quot; opened=&amp;quot;&amp;quot;&amp;gt;...&amp;lt;/div&amp;gt;
  (Session info: chrome=108.0.5359.125)
Build info: version: &amp;apos;4.7.2&amp;apos;, revision: &amp;apos;4d4020c3b7&amp;apos;
System info: os.name: &amp;apos;Windows 10&amp;apos;, os.arch: &amp;apos;amd64&amp;apos;, os.version: &amp;apos;10.0&amp;apos;, java.version: &amp;apos;1.8.0_171&amp;apos;
Driver info: org.openqa.selenium.chrome.ChromeDriver
Command: [d19aad2fad03852352ad265ac2fb596a, clickElement {id=2cb29b5d-849f-4da8-9032-b4ab5a3b1147}]
Capabilities {acceptInsecureCerts: false, browserName: chrome, browserVersion: 108.0.5359.125, chrome: {chromedriverVersion: 108.0.5359.71 (1e0e3868ee06..., userDataDir: C:\Users\SAHILS~1\AppData\L...}, goog:chromeOptions: {debuggerAddress: localhost:52555}, networkConnectionEnabled: false, pageLoadStrategy: normal, platformName: WINDOWS, proxy: Proxy(), se:cdp: ws://localhost:52555/devtoo..., se:cdpVersion: 108.0.5359.125, setWindowRect: true, strictFileInteractability: false, timeouts: {implicit: 0, pageLoad: 300000, script: 30000}, unhandledPromptBehavior: dismiss and notify, webauthn:extension:credBlob: true, webauthn:extension:largeBlob: true, webauthn:virtualAuthenticators: true}
Element: [[ChromeDriver: chrome on WINDOWS (d19aad2fad03852352ad265ac2fb596a)] -&amp;gt; id: video-title]
Session ID: d19aad2fad03852352ad265ac2fb596a">
      <![CDATA[org.openqa.selenium.ElementClickInterceptedException: element click intercepted: Element <yt-formatted-string id="video-title" class="style-scope ytd-rich-grid-media" aria-label="... by Sony SAB 2 years ago 21 minutes 6,071,694 views">Taarak Mehta Ka Ooltah Chashmah   Episode 273   Full Episode</yt-formatted-string> is not clickable at point (244, 322). Other element would receive the click: <div id="contentContainer" class="style-scope tp-yt-app-drawer" position="left" style="transition-duration: 200ms;" swipe-open="" opened="">...</div>
  (Session info: chrome=108.0.5359.125)
Build info: version: '4.7.2', revision: '4d4020c3b7'
System info: os.name: 'Windows 10', os.arch: 'amd64', os.version: '10.0', java.version: '1.8.0_171'
Driver info: org.openqa.selenium.chrome.ChromeDriver
Command: [d19aad2fad03852352ad265ac2fb596a, clickElement {id=2cb29b5d-849f-4da8-9032-b4ab5a3b1147}]
Capabilities {acceptInsecureCerts: false, browserName: chrome, browserVersion: 108.0.5359.125, chrome: {chromedriverVersion: 108.0.5359.71 (1e0e3868ee06..., userDataDir: C:\Users\SAHILS~1\AppData\L...}, goog:chromeOptions: {debuggerAddress: localhost:52555}, networkConnectionEnabled: false, pageLoadStrategy: normal, platformName: WINDOWS, proxy: Proxy(), se:cdp: ws://localhost:52555/devtoo..., se:cdpVersion: 108.0.5359.125, setWindowRect: true, strictFileInteractability: false, timeouts: {implicit: 0, pageLoad: 300000, script: 30000}, unhandledPromptBehavior: dismiss and notify, webauthn:extension:credBlob: true, webauthn:extension:largeBlob: true, webauthn:virtualAuthenticators: true}
Element: [[ChromeDriver: chrome on WINDOWS (d19aad2fad03852352ad265ac2fb596a)] -> id: video-title]
Session ID: d19aad2fad03852352ad265ac2fb596a
at org.openqa.selenium.remote.codec.w3c.W3CHttpResponseCodec.createException(W3CHttpResponseCodec.java:200)
at org.openqa.selenium.remote.codec.w3c.W3CHttpResponseCodec.decode(W3CHttpResponseCodec.java:133)
at org.openqa.selenium.remote.codec.w3c.W3CHttpResponseCodec.decode(W3CHttpResponseCodec.java:53)
at org.openqa.selenium.remote.HttpCommandExecutor.execute(HttpCommandExecutor.java:184)
at org.openqa.selenium.remote.service.DriverCommandExecutor.invokeExecute(DriverCommandExecutor.java:167)
at org.openqa.selenium.remote.service.DriverCommandExecutor.execute(DriverCommandExecutor.java:142)
at org.openqa.selenium.remote.RemoteWebDriver.execute(RemoteWebDriver.java:535)
at org.openqa.selenium.remote.RemoteWebElement.execute(RemoteWebElement.java:257)
at org.openqa.selenium.remote.RemoteWebElement.click(RemoteWebElement.java:78)
at org.testing.TestScripts.Test4.TestClass4(Test4.java:39)
at java.util.ArrayList.forEach(Unknown Source)
... Removed 31 stack frames]]>
    </failure>
  </testcase> <!-- TestClass4 -->
  <testcase name="TestClass3" time="37.927" classname="org.testing.TestScripts.Test3"/>
  <testcase name="TestClass2" time="37.077" classname="org.testing.TestScripts.Test2"/>
  <testcase name="Test" time="41.538" classname="org.testing.TestScripts.Test1"/>
</testsuite> <!-- Test -->
