<?xml version="1.0" encoding="UTF-8"?>
<testng-results skipped="0" failed="1" ignored="0" total="8" passed="7">
  <reporter-output>
  </reporter-output>
  <suite name="Suite" duration-ms="421629" started-at="2023-01-12T13:08:53 IST" finished-at="2023-01-12T13:15:55 IST">
    <groups>
    </groups>
    <test name="Test" duration-ms="421629" started-at="2023-01-12T13:08:53 IST" finished-at="2023-01-12T13:15:55 IST">
      <class name="org.testing.TestScripts.TC8">
        <test-method status="PASS" signature="BeforeMethodClass4()[pri:0, instance:org.testing.TestScripts.TC8@65fe9e33]" name="BeforeMethodClass4" is-config="true" duration-ms="15613" started-at="2023-01-12T13:08:54 IST" finished-at="2023-01-12T13:09:09 IST">
          <reporter-output>
          </reporter-output>
        </test-method> <!-- BeforeMethodClass4 -->
        <test-method status="FAIL" signature="TestClass4()[pri:0, instance:org.testing.TestScripts.TC8@65fe9e33]" name="TestClass4" duration-ms="17282" started-at="2023-01-12T13:09:09 IST" finished-at="2023-01-12T13:09:26 IST">
          <exception class="org.openqa.selenium.ElementNotInteractableException">
            <message>
              <![CDATA[element not interactable
  (Session info: chrome=108.0.5359.125)
Build info: version: '4.7.2', revision: '4d4020c3b7'
System info: os.name: 'Windows 10', os.arch: 'amd64', os.version: '10.0', java.version: '1.8.0_171'
Driver info: org.openqa.selenium.chrome.ChromeDriver
Command: [133916bfc5ab4a2d73a9752294abfa8d, sendKeysToElement {id=2436c2f3-6cfa-47c9-8302-5679765ef0b7, value=[Ljava.lang.CharSequence;@2fa3be26}]
Capabilities {acceptInsecureCerts: false, browserName: chrome, browserVersion: 108.0.5359.125, chrome: {chromedriverVersion: 108.0.5359.71 (1e0e3868ee06..., userDataDir: C:\Users\SAHILS~1\AppData\L...}, goog:chromeOptions: {debuggerAddress: localhost:56946}, networkConnectionEnabled: false, pageLoadStrategy: normal, platformName: WINDOWS, proxy: Proxy(), se:cdp: ws://localhost:56946/devtoo..., se:cdpVersion: 108.0.5359.125, setWindowRect: true, strictFileInteractability: false, timeouts: {implicit: 0, pageLoad: 300000, script: 30000}, unhandledPromptBehavior: dismiss and notify, webauthn:extension:credBlob: true, webauthn:extension:largeBlob: true, webauthn:virtualAuthenticators: true}
Element: [[ChromeDriver: chrome on WINDOWS (133916bfc5ab4a2d73a9752294abfa8d)] -> xpath: //input[@type='password']]
Session ID: 133916bfc5ab4a2d73a9752294abfa8d]]>
            </message>
            <full-stacktrace>
              <![CDATA[org.openqa.selenium.ElementNotInteractableException: element not interactable
  (Session info: chrome=108.0.5359.125)
Build info: version: '4.7.2', revision: '4d4020c3b7'
System info: os.name: 'Windows 10', os.arch: 'amd64', os.version: '10.0', java.version: '1.8.0_171'
Driver info: org.openqa.selenium.chrome.ChromeDriver
Command: [133916bfc5ab4a2d73a9752294abfa8d, sendKeysToElement {id=2436c2f3-6cfa-47c9-8302-5679765ef0b7, value=[Ljava.lang.CharSequence;@2fa3be26}]
Capabilities {acceptInsecureCerts: false, browserName: chrome, browserVersion: 108.0.5359.125, chrome: {chromedriverVersion: 108.0.5359.71 (1e0e3868ee06..., userDataDir: C:\Users\SAHILS~1\AppData\L...}, goog:chromeOptions: {debuggerAddress: localhost:56946}, networkConnectionEnabled: false, pageLoadStrategy: normal, platformName: WINDOWS, proxy: Proxy(), se:cdp: ws://localhost:56946/devtoo..., se:cdpVersion: 108.0.5359.125, setWindowRect: true, strictFileInteractability: false, timeouts: {implicit: 0, pageLoad: 300000, script: 30000}, unhandledPromptBehavior: dismiss and notify, webauthn:extension:credBlob: true, webauthn:extension:largeBlob: true, webauthn:virtualAuthenticators: true}
Element: [[ChromeDriver: chrome on WINDOWS (133916bfc5ab4a2d73a9752294abfa8d)] -> xpath: //input[@type='password']]
Session ID: 133916bfc5ab4a2d73a9752294abfa8d
at sun.reflect.NativeConstructorAccessorImpl.newInstance0(Native Method)
at sun.reflect.NativeConstructorAccessorImpl.newInstance(Unknown Source)
at sun.reflect.DelegatingConstructorAccessorImpl.newInstance(Unknown Source)
at java.lang.reflect.Constructor.newInstance(Unknown Source)
at org.openqa.selenium.remote.codec.w3c.W3CHttpResponseCodec.createException(W3CHttpResponseCodec.java:200)
at org.openqa.selenium.remote.codec.w3c.W3CHttpResponseCodec.decode(W3CHttpResponseCodec.java:133)
at org.openqa.selenium.remote.codec.w3c.W3CHttpResponseCodec.decode(W3CHttpResponseCodec.java:53)
at org.openqa.selenium.remote.HttpCommandExecutor.execute(HttpCommandExecutor.java:184)
at org.openqa.selenium.remote.service.DriverCommandExecutor.invokeExecute(DriverCommandExecutor.java:167)
at org.openqa.selenium.remote.service.DriverCommandExecutor.execute(DriverCommandExecutor.java:142)
at org.openqa.selenium.remote.RemoteWebDriver.execute(RemoteWebDriver.java:535)
at org.openqa.selenium.remote.RemoteWebElement.execute(RemoteWebElement.java:257)
at org.openqa.selenium.remote.RemoteWebElement.sendKeys(RemoteWebElement.java:113)
at org.testing.TestScripts.TC8.TestClass4(TC8.java:37)
at sun.reflect.NativeMethodAccessorImpl.invoke0(Native Method)
at sun.reflect.NativeMethodAccessorImpl.invoke(Unknown Source)
at sun.reflect.DelegatingMethodAccessorImpl.invoke(Unknown Source)
at java.lang.reflect.Method.invoke(Unknown Source)
at org.testng.internal.MethodInvocationHelper.invokeMethod(MethodInvocationHelper.java:133)
at org.testng.internal.TestInvoker.invokeMethod(TestInvoker.java:598)
at org.testng.internal.TestInvoker.invokeTestMethod(TestInvoker.java:173)
at org.testng.internal.MethodRunner.runInSequence(MethodRunner.java:46)
at org.testng.internal.TestInvoker$MethodInvocationAgent.invoke(TestInvoker.java:824)
at org.testng.internal.TestInvoker.invokeTestMethods(TestInvoker.java:146)
at org.testng.internal.TestMethodWorker.invokeTestMethods(TestMethodWorker.java:146)
at org.testng.internal.TestMethodWorker.run(TestMethodWorker.java:128)
at java.util.ArrayList.forEach(Unknown Source)
at org.testng.TestRunner.privateRun(TestRunner.java:794)
at org.testng.TestRunner.run(TestRunner.java:596)
at org.testng.SuiteRunner.runTest(SuiteRunner.java:377)
at org.testng.SuiteRunner.runSequentially(SuiteRunner.java:371)
at org.testng.SuiteRunner.privateRun(SuiteRunner.java:332)
at org.testng.SuiteRunner.run(SuiteRunner.java:276)
at org.testng.SuiteRunnerWorker.runSuite(SuiteRunnerWorker.java:53)
at org.testng.SuiteRunnerWorker.run(SuiteRunnerWorker.java:96)
at org.testng.TestNG.runSuitesSequentially(TestNG.java:1212)
at org.testng.TestNG.runSuitesLocally(TestNG.java:1134)
at org.testng.TestNG.runSuites(TestNG.java:1063)
at org.testng.TestNG.run(TestNG.java:1031)
at org.testng.remote.AbstractRemoteTestNG.run(AbstractRemoteTestNG.java:115)
at org.testng.remote.RemoteTestNG.initAndRun(RemoteTestNG.java:251)
at org.testng.remote.RemoteTestNG.main(RemoteTestNG.java:77)
]]>
            </full-stacktrace>
          </exception> <!-- org.openqa.selenium.ElementNotInteractableException -->
          <reporter-output>
          </reporter-output>
        </test-method> <!-- TestClass4 -->
        <test-method status="PASS" signature="BrowserClose()[pri:0, instance:org.testing.TestScripts.TC8@65fe9e33]" name="BrowserClose" is-config="true" duration-ms="937" started-at="2023-01-12T13:09:26 IST" finished-at="2023-01-12T13:09:27 IST">
          <reporter-output>
          </reporter-output>
        </test-method> <!-- BrowserClose -->
      </class> <!-- org.testing.TestScripts.TC8 -->
      <class name="org.testing.TestScripts.TC7">
        <test-method status="PASS" signature="BeforeMethodClass4()[pri:0, instance:org.testing.TestScripts.TC7@5b1f29fa]" name="BeforeMethodClass4" is-config="true" duration-ms="19274" started-at="2023-01-12T13:09:27 IST" finished-at="2023-01-12T13:09:47 IST">
          <reporter-output>
          </reporter-output>
        </test-method> <!-- BeforeMethodClass4 -->
        <test-method status="PASS" signature="TestClass4()[pri:0, instance:org.testing.TestScripts.TC7@5b1f29fa]" name="TestClass4" duration-ms="51175" started-at="2023-01-12T13:09:47 IST" finished-at="2023-01-12T13:10:38 IST">
          <reporter-output>
          </reporter-output>
        </test-method> <!-- TestClass4 -->
        <test-method status="PASS" signature="BrowserClose()[pri:0, instance:org.testing.TestScripts.TC7@5b1f29fa]" name="BrowserClose" is-config="true" duration-ms="1007" started-at="2023-01-12T13:10:38 IST" finished-at="2023-01-12T13:10:39 IST">
          <reporter-output>
          </reporter-output>
        </test-method> <!-- BrowserClose -->
      </class> <!-- org.testing.TestScripts.TC7 -->
      <class name="org.testing.TestScripts.TC4">
        <test-method status="PASS" signature="BeforeMethodClass4()[pri:0, instance:org.testing.TestScripts.TC4@757d6814]" name="BeforeMethodClass4" is-config="true" duration-ms="11630" started-at="2023-01-12T13:12:36 IST" finished-at="2023-01-12T13:12:48 IST">
          <reporter-output>
          </reporter-output>
        </test-method> <!-- BeforeMethodClass4 -->
        <test-method status="PASS" signature="TestClass4()[pri:0, instance:org.testing.TestScripts.TC4@757d6814]" name="TestClass4" duration-ms="38561" started-at="2023-01-12T13:12:48 IST" finished-at="2023-01-12T13:13:27 IST">
          <reporter-output>
          </reporter-output>
        </test-method> <!-- TestClass4 -->
        <test-method status="PASS" signature="BrowserClose()[pri:0, instance:org.testing.TestScripts.TC4@757d6814]" name="BrowserClose" is-config="true" duration-ms="960" started-at="2023-01-12T13:13:27 IST" finished-at="2023-01-12T13:13:28 IST">
          <reporter-output>
          </reporter-output>
        </test-method> <!-- BrowserClose -->
      </class> <!-- org.testing.TestScripts.TC4 -->
      <class name="org.testing.TestScripts.TC3">
        <test-method status="PASS" signature="BeforeMethodClass3()[pri:0, instance:org.testing.TestScripts.TC3@5217f3d0]" name="BeforeMethodClass3" is-config="true" duration-ms="6209" started-at="2023-01-12T13:13:28 IST" finished-at="2023-01-12T13:13:34 IST">
          <reporter-output>
          </reporter-output>
        </test-method> <!-- BeforeMethodClass3 -->
        <test-method status="PASS" signature="TestClass3()[pri:0, instance:org.testing.TestScripts.TC3@5217f3d0]" name="TestClass3" duration-ms="41446" started-at="2023-01-12T13:13:34 IST" finished-at="2023-01-12T13:14:15 IST">
          <reporter-output>
          </reporter-output>
        </test-method> <!-- TestClass3 -->
        <test-method status="PASS" signature="BrowserClose()[pri:0, instance:org.testing.TestScripts.TC3@5217f3d0]" name="BrowserClose" is-config="true" duration-ms="907" started-at="2023-01-12T13:14:15 IST" finished-at="2023-01-12T13:14:16 IST">
          <reporter-output>
          </reporter-output>
        </test-method> <!-- BrowserClose -->
      </class> <!-- org.testing.TestScripts.TC3 -->
      <class name="org.testing.TestScripts.TC6">
        <test-method status="PASS" signature="BeforeMethodClass6()[pri:0, instance:org.testing.TestScripts.TC6@7446d8d5]" name="BeforeMethodClass6" is-config="true" duration-ms="10601" started-at="2023-01-12T13:10:39 IST" finished-at="2023-01-12T13:10:49 IST">
          <reporter-output>
          </reporter-output>
        </test-method> <!-- BeforeMethodClass6 -->
        <test-method status="PASS" signature="TestClass6()[pri:0, instance:org.testing.TestScripts.TC6@7446d8d5]" name="TestClass6" duration-ms="56793" started-at="2023-01-12T13:10:49 IST" finished-at="2023-01-12T13:11:46 IST">
          <reporter-output>
          </reporter-output>
        </test-method> <!-- TestClass6 -->
        <test-method status="PASS" signature="BrowserClose()[pri:0, instance:org.testing.TestScripts.TC6@7446d8d5]" name="BrowserClose" is-config="true" duration-ms="1117" started-at="2023-01-12T13:11:46 IST" finished-at="2023-01-12T13:11:47 IST">
          <reporter-output>
          </reporter-output>
        </test-method> <!-- BrowserClose -->
      </class> <!-- org.testing.TestScripts.TC6 -->
      <class name="org.testing.TestScripts.TC5">
        <test-method status="PASS" signature="BeforeMethodClass5()[pri:0, instance:org.testing.TestScripts.TC5@20b5f2ac]" name="BeforeMethodClass5" is-config="true" duration-ms="7241" started-at="2023-01-12T13:11:47 IST" finished-at="2023-01-12T13:11:55 IST">
          <reporter-output>
          </reporter-output>
        </test-method> <!-- BeforeMethodClass5 -->
        <test-method status="PASS" signature="TestClass5()[pri:0, instance:org.testing.TestScripts.TC5@20b5f2ac]" name="TestClass5" duration-ms="40899" started-at="2023-01-12T13:11:55 IST" finished-at="2023-01-12T13:12:36 IST">
          <reporter-output>
          </reporter-output>
        </test-method> <!-- TestClass5 -->
        <test-method status="PASS" signature="BrowserClose()[pri:0, instance:org.testing.TestScripts.TC5@20b5f2ac]" name="BrowserClose" is-config="true" duration-ms="896" started-at="2023-01-12T13:12:36 IST" finished-at="2023-01-12T13:12:36 IST">
          <reporter-output>
          </reporter-output>
        </test-method> <!-- BrowserClose -->
      </class> <!-- org.testing.TestScripts.TC5 -->
      <class name="org.testing.TestScripts.TC2">
        <test-method status="PASS" signature="BeforeMethodClass2()[pri:0, instance:org.testing.TestScripts.TC2@64c2b546]" name="BeforeMethodClass2" is-config="true" duration-ms="6697" started-at="2023-01-12T13:14:16 IST" finished-at="2023-01-12T13:14:23 IST">
          <reporter-output>
          </reporter-output>
        </test-method> <!-- BeforeMethodClass2 -->
        <test-method status="PASS" signature="TestClass2()[pri:0, instance:org.testing.TestScripts.TC2@64c2b546]" name="TestClass2" duration-ms="41554" started-at="2023-01-12T13:14:23 IST" finished-at="2023-01-12T13:15:04 IST">
          <reporter-output>
          </reporter-output>
        </test-method> <!-- TestClass2 -->
        <test-method status="PASS" signature="BrowserClose()[pri:0, instance:org.testing.TestScripts.TC2@64c2b546]" name="BrowserClose" is-config="true" duration-ms="941" started-at="2023-01-12T13:15:04 IST" finished-at="2023-01-12T13:15:05 IST">
          <reporter-output>
          </reporter-output>
        </test-method> <!-- BrowserClose -->
      </class> <!-- org.testing.TestScripts.TC2 -->
      <class name="org.testing.TestScripts.TC1">
        <test-method status="PASS" signature="BeforeMethod()[pri:0, instance:org.testing.TestScripts.TC1@2b5cb9b2]" name="BeforeMethod" is-config="true" duration-ms="7305" started-at="2023-01-12T13:15:05 IST" finished-at="2023-01-12T13:15:13 IST">
          <reporter-output>
          </reporter-output>
        </test-method> <!-- BeforeMethod -->
        <test-method status="PASS" signature="Test()[pri:0, instance:org.testing.TestScripts.TC1@2b5cb9b2]" name="Test" duration-ms="41488" started-at="2023-01-12T13:15:13 IST" finished-at="2023-01-12T13:15:54 IST">
          <reporter-output>
          </reporter-output>
        </test-method> <!-- Test -->
        <test-method status="PASS" signature="BrowserClose()[pri:0, instance:org.testing.TestScripts.TC1@2b5cb9b2]" name="BrowserClose" is-config="true" duration-ms="938" started-at="2023-01-12T13:15:54 IST" finished-at="2023-01-12T13:15:55 IST">
          <reporter-output>
          </reporter-output>
        </test-method> <!-- BrowserClose -->
      </class> <!-- org.testing.TestScripts.TC1 -->
    </test> <!-- Test -->
  </suite> <!-- Suite -->
</testng-results>
