<?xml version="1.0" encoding="UTF-8"?>
<testng-results skipped="0" failed="0" ignored="0" total="1" passed="1">
  <reporter-output>
  </reporter-output>
  <suite name="Suite1" duration-ms="51218" started-at="2023-01-13T16:47:33 IST" finished-at="2023-01-13T16:48:24 IST">
    <groups>
    </groups>
    <test name="Command line test 4a9b1903-7f57-411e-b9cf-7423d3f71d6a" duration-ms="51218" started-at="2023-01-13T16:47:33 IST" finished-at="2023-01-13T16:48:24 IST">
      <class name="org.testing.TestScripts.Test1">
        <test-method status="PASS" signature="BeforeMethod()[pri:0, instance:org.testing.TestScripts.Test1@2b552920]" name="BeforeMethod" is-config="true" duration-ms="8754" started-at="2023-01-13T16:47:33 IST" finished-at="2023-01-13T16:47:41 IST">
          <reporter-output>
          </reporter-output>
        </test-method> <!-- BeforeMethod -->
        <test-method status="PASS" signature="Test()[pri:0, instance:org.testing.TestScripts.Test1@2b552920]" name="Test" duration-ms="41598" started-at="2023-01-13T16:47:41 IST" finished-at="2023-01-13T16:48:23 IST">
          <reporter-output>
          </reporter-output>
        </test-method> <!-- Test -->
        <test-method status="PASS" signature="BrowserClose()[pri:0, instance:org.testing.TestScripts.Test1@2b552920]" name="BrowserClose" is-config="true" duration-ms="827" started-at="2023-01-13T16:48:23 IST" finished-at="2023-01-13T16:48:24 IST">
          <reporter-output>
          </reporter-output>
        </test-method> <!-- BrowserClose -->
      </class> <!-- org.testing.TestScripts.Test1 -->
    </test> <!-- Command line test 4a9b1903-7f57-411e-b9cf-7423d3f71d6a -->
  </suite> <!-- Suite1 -->
</testng-results>
